<?xml version="1.0" encoding="UTF-8"?>
<testsuite xmlns:xsi="http://www.w3.org/2001/XMLSchema-instance" xsi:noNamespaceSchemaLocation="https://maven.apache.org/surefire/maven-surefire-plugin/xsd/surefire-test-report.xsd" version="3.0.2" name="com.manoj.springplayground.SpringplaygroundApplicationTests" time="2.163" tests="1" errors="0" skipped="0" failures="0">
  <properties>
[...]
</properties>
  <testcase name="contextLoads" classname="com.manoj.springplayground.SpringplaygroundApplicationTests" time="0.723">
    <system-out><![CDATA[20:52:26.374 [main] INFO org.springframework.test.context.support.AnnotationConfigContextLoaderUtils -- Could not detect default configuration classes for test class [com.manoj.springplayground.SpringplaygroundApplicationTests]: SpringplaygroundApplicationTests does not declare any static, non-private, non-final, nested classes annotated with @Configuration.
20:52:26.478 [main] INFO org.springframework.boot.test.context.SpringBootTestContextBootstrapper -- Found @SpringBootConfiguration com.manoj.springplayground.SpringplaygroundApplication for test class com.manoj.springplayground.SpringplaygroundApplicationTests

  .   ____          _            __ _ _
 /\\ / ___'_ __ _ _(_)_ __  __ _ \ \ \ \
( ( )\___ | '_ | '_| | '_ \/ _` | \ \ \ \
 \\/  ___)| |_)| | | | | || (_| |  ) ) ) )
  '  |____| .__|_| |_|_| |_\__, | / / / /
 =========|_|==============|___/=/_/_/_/

 :: Spring Boot ::       (v4.0.0-SNAPSHOT)

2025-11-06T20:52:26.814-06:00  INFO 5386 --- [springplayground] [           main] c.m.s.SpringplaygroundApplicationTests   : Starting SpringplaygroundApplicationTests using Java 21.0.4 with PID 5386 (started by karnan in /Users/karnan/workspace/vscode/playground/springplayground)
2025-11-06T20:52:26.815-06:00  INFO 5386 --- [springplayground] [           main] c.m.s.SpringplaygroundApplicationTests   : No active profile set, falling back to 1 default profile: "default"
2025-11-06T20:52:27.615-06:00  INFO 5386 --- [springplayground] [           main] c.m.s.SpringplaygroundApplicationTests   : Started SpringplaygroundApplicationTests in 0.999 seconds (process running for 2.008)
]]></system-out>
    <system-err><![CDATA[Mockito is currently self-attaching to enable the inline-mock-maker. This will no longer work in future releases of the JDK. Please add Mockito as an agent to your build as described in Mockito's documentation: https://javadoc.io/doc/org.mockito/mockito-core/latest/org.mockito/org/mockito/Mockito.html#0.3
WARNING: A Java agent has been loaded dynamically (/Users/karnan/.m2/repository/net/bytebuddy/byte-buddy-agent/1.17.8/byte-buddy-agent-1.17.8.jar)
WARNING: If a serviceability tool is in use, please run with -XX:+EnableDynamicAgentLoading to hide this warning
WARNING: If a serviceability tool is not in use, please run with -Djdk.instrument.traceUsage for more information
WARNING: Dynamic loading of agents will be disallowed by default in a future release
]]></system-err>
  </testcase>
</testsuite>